sliding_menu_lib/build/outputs/logs/manifest-merger-debug-report.txt
-- Merging decision tree log ---
manifest
ADDED from haituntiandi\sliding_menu_lib\AndroidManifest.xml:2:1-9:12
INJECTED from haituntiandi\sliding_menu_lib\AndroidManifest.xml:2:1-9:12
INJECTED from haituntiandi\sliding_menu_lib\AndroidManifest.xml:2:1-9:12
	package
		ADDED from haituntiandi\sliding_menu_lib\AndroidManifest.xml:3:5-50
		INJECTED from haituntiandi\sliding_menu_lib\AndroidManifest.xml
		INJECTED from haituntiandi\sliding_menu_lib\AndroidManifest.xml
	xmlns:android
		ADDED from haituntiandi\sliding_menu_lib\AndroidManifest.xml:2:11-69
uses-sdk
INJECTED from haituntiandi\sliding_menu_lib\AndroidManifest.xml reason: use-sdk injection requested
INJECTED from haituntiandi\sliding_menu_lib\AndroidManifest.xml
INJECTED from haituntiandi\sliding_menu_lib\AndroidManifest.xml
INJECTED from haituntiandi\sliding_menu_lib\AndroidManifest.xml
INJECTED from haituntiandi\sliding_menu_lib\AndroidManifest.xml
	android:targetSdkVersion
		INJECTED from haituntiandi\sliding_menu_lib\AndroidManifest.xml
		ADDED from haituntiandi\sliding_menu_lib\AndroidManifest.xml
		INJECTED from haituntiandi\sliding_menu_lib\AndroidManifest.xml
	android:minSdkVersion
		INJECTED from haituntiandi\sliding_menu_lib\AndroidManifest.xml
		ADDED from haituntiandi\sliding_menu_lib\AndroidManifest.xml
		INJECTED from haituntiandi\sliding_menu_lib\AndroidManifest.xml